07:32:24.285 [main] INFO  stepDefinitions.steps - Clicked on My Account
07:32:24.493 [main] INFO  stepDefinitions.steps - Clicked on Login
07:32:24.563 [main] INFO  stepDefinitions.steps - Provided Email 
07:32:24.615 [main] INFO  stepDefinitions.steps - Provided Password 
07:32:24.816 [main] INFO  stepDefinitions.steps - Clicked on Login button
07:32:24.869 [main] INFO  stepDefinitions.steps - Login Success 
07:34:49.315 [main] INFO  stepDefinitions.steps - Clicked on My Account
07:34:49.492 [main] INFO  stepDefinitions.steps - Clicked on Login
07:34:49.571 [main] INFO  stepDefinitions.steps - Provided Email 
07:34:49.623 [main] INFO  stepDefinitions.steps - Provided Password 
07:34:49.815 [main] INFO  stepDefinitions.steps - Clicked on Login button
07:34:49.854 [main] INFO  stepDefinitions.steps - Login Success 
07:45:27.649 [main] INFO  stepDefinitions.steps - Clicked on My Account
07:45:27.827 [main] INFO  stepDefinitions.steps - Clicked on Login
07:45:27.908 [main] INFO  stepDefinitions.steps - Provided Email 
07:45:27.950 [main] INFO  stepDefinitions.steps - Provided Password 
07:45:28.087 [main] INFO  stepDefinitions.steps - Clicked on Login button
07:45:38.109 [main] INFO  stepDefinitions.steps - Login Failed 
07:45:40.367 [main] INFO  stepDefinitions.steps - Clicked on My Account
07:45:40.531 [main] INFO  stepDefinitions.steps - Clicked on Login
07:45:40.599 [main] INFO  stepDefinitions.steps - Provided Email 
07:45:40.655 [main] INFO  stepDefinitions.steps - Provided Password 
07:45:40.802 [main] INFO  stepDefinitions.steps - Clicked on Login button
07:45:40.858 [main] INFO  stepDefinitions.steps - Login Success 
06:28:05.222 [main] INFO  stepDefinitions.steps - Clicked on My Account
06:28:05.447 [main] INFO  stepDefinitions.steps - Clicked on Login
06:28:05.547 [main] INFO  stepDefinitions.steps - Provided Email 
06:28:05.607 [main] INFO  stepDefinitions.steps - Provided Password 
06:28:05.867 [main] INFO  stepDefinitions.steps - Clicked on Login button
06:28:05.906 [main] INFO  stepDefinitions.steps - Login Success 
06:28:20.192 [main] INFO  stepDefinitions.steps - Clicked on My Account
06:28:20.396 [main] INFO  stepDefinitions.steps - Clicked on Login
06:28:20.470 [main] INFO  stepDefinitions.steps - Provided Email 
06:28:20.526 [main] INFO  stepDefinitions.steps - Provided Password 
06:28:20.693 [main] INFO  stepDefinitions.steps - Clicked on Login button
06:28:30.745 [main] INFO  stepDefinitions.steps - Login Failed 
06:28:33.484 [main] INFO  stepDefinitions.steps - Clicked on My Account
06:28:33.679 [main] INFO  stepDefinitions.steps - Clicked on Login
06:28:33.769 [main] INFO  stepDefinitions.steps - Provided Email 
06:28:33.822 [main] INFO  stepDefinitions.steps - Provided Password 
06:28:34.024 [main] INFO  stepDefinitions.steps - Clicked on Login button
06:28:34.116 [main] INFO  stepDefinitions.steps - Login Success 
06:29:41.424 [main] INFO  stepDefinitions.steps - Clicked on My Account
06:29:41.621 [main] INFO  stepDefinitions.steps - Clicked on Login
06:29:43.855 [main] INFO  stepDefinitions.steps - Clicked on My Account
06:29:44.081 [main] INFO  stepDefinitions.steps - Clicked on Login
06:29:46.332 [main] INFO  stepDefinitions.steps - Clicked on My Account
06:29:46.516 [main] INFO  stepDefinitions.steps - Clicked on Login
06:31:58.772 [main] INFO  stepDefinitions.steps - Clicked on My Account
06:31:58.968 [main] INFO  stepDefinitions.steps - Clicked on Login
06:32:01.326 [main] INFO  stepDefinitions.steps - Clicked on My Account
06:32:01.538 [main] INFO  stepDefinitions.steps - Clicked on Login
06:32:03.810 [main] INFO  stepDefinitions.steps - Clicked on My Account
06:32:03.993 [main] INFO  stepDefinitions.steps - Clicked on Login
06:34:05.062 [main] INFO  stepDefinitions.steps - Clicked on My Account
06:34:05.254 [main] INFO  stepDefinitions.steps - Clicked on Login
06:34:07.636 [main] INFO  stepDefinitions.steps - Clicked on My Account
06:34:07.833 [main] INFO  stepDefinitions.steps - Clicked on Login
06:34:10.094 [main] INFO  stepDefinitions.steps - Clicked on My Account
06:34:10.290 [main] INFO  stepDefinitions.steps - Clicked on Login
06:40:02.780 [main] INFO  stepDefinitions.steps - Clicked on My Account
06:40:02.964 [main] INFO  stepDefinitions.steps - Clicked on Login
06:40:05.344 [main] INFO  stepDefinitions.steps - Clicked on My Account
06:40:05.534 [main] INFO  stepDefinitions.steps - Clicked on Login
06:40:08.104 [main] INFO  stepDefinitions.steps - Clicked on My Account
06:40:08.295 [main] INFO  stepDefinitions.steps - Clicked on Login
06:43:00.895 [main] INFO  stepDefinitions.steps - Clicked on My Account
06:43:01.087 [main] INFO  stepDefinitions.steps - Clicked on Login
06:43:03.475 [main] INFO  stepDefinitions.steps - Clicked on My Account
06:43:03.663 [main] INFO  stepDefinitions.steps - Clicked on Login
06:43:05.923 [main] INFO  stepDefinitions.steps - Clicked on My Account
06:43:06.098 [main] INFO  stepDefinitions.steps - Clicked on Login
06:46:05.435 [main] INFO  stepDefinitions.steps - Clicked on My Account
06:46:05.655 [main] INFO  stepDefinitions.steps - Clicked on Login
06:46:08.214 [main] INFO  stepDefinitions.steps - Clicked on My Account
06:46:08.402 [main] INFO  stepDefinitions.steps - Clicked on Login
06:46:10.638 [main] INFO  stepDefinitions.steps - Clicked on My Account
06:46:10.819 [main] INFO  stepDefinitions.steps - Clicked on Login
06:46:47.339 [main] INFO  stepDefinitions.steps - Clicked on My Account
06:46:47.527 [main] INFO  stepDefinitions.steps - Clicked on Login
06:46:47.623 [main] INFO  stepDefinitions.steps - Provided Email 
06:46:47.673 [main] INFO  stepDefinitions.steps - Provided Password 
06:46:47.869 [main] INFO  stepDefinitions.steps - Clicked on Login button
06:46:47.905 [main] INFO  stepDefinitions.steps - Login Success 
06:47:09.769 [main] INFO  stepDefinitions.steps - Clicked on My Account
06:47:09.956 [main] INFO  stepDefinitions.steps - Clicked on Login
06:47:10.038 [main] INFO  stepDefinitions.steps - Provided Email 
06:47:10.083 [main] INFO  stepDefinitions.steps - Provided Password 
06:47:10.252 [main] INFO  stepDefinitions.steps - Clicked on Login button
06:47:20.275 [main] INFO  stepDefinitions.steps - Login Failed 
06:47:22.868 [main] INFO  stepDefinitions.steps - Clicked on My Account
06:47:23.056 [main] INFO  stepDefinitions.steps - Clicked on Login
06:47:23.144 [main] INFO  stepDefinitions.steps - Provided Email 
06:47:23.201 [main] INFO  stepDefinitions.steps - Provided Password 
06:47:23.430 [main] INFO  stepDefinitions.steps - Clicked on Login button
06:47:23.471 [main] INFO  stepDefinitions.steps - Login Success 
06:48:15.950 [main] INFO  stepDefinitions.steps - Clicked on My Account
06:48:16.142 [main] INFO  stepDefinitions.steps - Clicked on Login
06:48:18.540 [main] INFO  stepDefinitions.steps - Clicked on My Account
06:48:18.737 [main] INFO  stepDefinitions.steps - Clicked on Login
06:48:21.054 [main] INFO  stepDefinitions.steps - Clicked on My Account
06:48:21.240 [main] INFO  stepDefinitions.steps - Clicked on Login
06:49:54.359 [main] INFO  stepDefinitions.steps - Clicked on My Account
06:49:54.557 [main] INFO  stepDefinitions.steps - Clicked on Login
06:49:56.832 [main] INFO  stepDefinitions.steps - Clicked on My Account
06:49:57.057 [main] INFO  stepDefinitions.steps - Clicked on Login
06:49:59.294 [main] INFO  stepDefinitions.steps - Clicked on My Account
06:49:59.475 [main] INFO  stepDefinitions.steps - Clicked on Login
06:51:58.678 [main] INFO  stepDefinitions.steps - Clicked on My Account
06:51:58.885 [main] INFO  stepDefinitions.steps - Clicked on Login
06:52:01.340 [main] INFO  stepDefinitions.steps - Clicked on My Account
06:52:01.530 [main] INFO  stepDefinitions.steps - Clicked on Login
06:52:03.841 [main] INFO  stepDefinitions.steps - Clicked on My Account
06:52:04.026 [main] INFO  stepDefinitions.steps - Clicked on Login
06:52:18.155 [main] INFO  stepDefinitions.steps - Clicked on My Account
06:52:18.362 [main] INFO  stepDefinitions.steps - Clicked on Login
06:52:20.772 [main] INFO  stepDefinitions.steps - Clicked on My Account
06:52:20.985 [main] INFO  stepDefinitions.steps - Clicked on Login
06:52:23.260 [main] INFO  stepDefinitions.steps - Clicked on My Account
06:52:23.444 [main] INFO  stepDefinitions.steps - Clicked on Login
06:54:32.514 [main] INFO  stepDefinitions.steps - Clicked on My Account
06:54:32.715 [main] INFO  stepDefinitions.steps - Clicked on Login
06:54:34.977 [main] INFO  stepDefinitions.steps - Clicked on My Account
06:54:35.175 [main] INFO  stepDefinitions.steps - Clicked on Login
06:54:37.417 [main] INFO  stepDefinitions.steps - Clicked on My Account
06:54:37.611 [main] INFO  stepDefinitions.steps - Clicked on Login
07:10:56.225 [main] INFO  stepDefinitions.steps - Clicked on My Account
07:10:56.416 [main] INFO  stepDefinitions.steps - Clicked on Login
07:10:59.374 [main] INFO  stepDefinitions.steps - Clicked on My Account
07:10:59.551 [main] INFO  stepDefinitions.steps - Clicked on Login
07:11:02.085 [main] INFO  stepDefinitions.steps - Clicked on My Account
07:11:02.288 [main] INFO  stepDefinitions.steps - Clicked on Login
07:13:35.779 [main] INFO  stepDefinitions.steps - Clicked on My Account
07:13:35.960 [main] INFO  stepDefinitions.steps - Clicked on Login
07:13:38.840 [main] INFO  stepDefinitions.steps - Clicked on My Account
07:13:39.020 [main] INFO  stepDefinitions.steps - Clicked on Login
07:13:41.504 [main] INFO  stepDefinitions.steps - Clicked on My Account
07:13:41.665 [main] INFO  stepDefinitions.steps - Clicked on Login
07:15:17.211 [main] INFO  stepDefinitions.steps - Clicked on My Account
07:15:17.374 [main] INFO  stepDefinitions.steps - Clicked on Login
07:15:20.328 [main] INFO  stepDefinitions.steps - Clicked on My Account
07:15:20.500 [main] INFO  stepDefinitions.steps - Clicked on Login
07:15:23.055 [main] INFO  stepDefinitions.steps - Clicked on My Account
07:15:23.221 [main] INFO  stepDefinitions.steps - Clicked on Login
07:20:24.241 [main] INFO  stepDefinitions.steps - Clicked on My Account
07:20:24.420 [main] INFO  stepDefinitions.steps - Clicked on Login
07:20:27.301 [main] INFO  stepDefinitions.steps - Clicked on My Account
07:20:27.485 [main] INFO  stepDefinitions.steps - Clicked on Login
07:20:30.079 [main] INFO  stepDefinitions.steps - Clicked on My Account
07:20:30.276 [main] INFO  stepDefinitions.steps - Clicked on Login
07:21:04.744 [main] INFO  stepDefinitions.steps - Clicked on My Account
07:21:04.899 [main] INFO  stepDefinitions.steps - Clicked on Login
07:21:07.725 [main] INFO  stepDefinitions.steps - Clicked on My Account
07:21:07.922 [main] INFO  stepDefinitions.steps - Clicked on Login
07:21:10.372 [main] INFO  stepDefinitions.steps - Clicked on My Account
07:21:10.526 [main] INFO  stepDefinitions.steps - Clicked on Login
07:24:42.023 [main] INFO  stepDefinitions.steps - Clicked on My Account
07:24:42.204 [main] INFO  stepDefinitions.steps - Clicked on Login
07:24:45.148 [main] INFO  stepDefinitions.steps - Clicked on My Account
07:24:45.334 [main] INFO  stepDefinitions.steps - Clicked on Login
07:24:47.830 [main] INFO  stepDefinitions.steps - Clicked on My Account
07:24:48.017 [main] INFO  stepDefinitions.steps - Clicked on Login
07:25:31.961 [main] INFO  stepDefinitions.steps - Clicked on My Account
07:25:32.132 [main] INFO  stepDefinitions.steps - Clicked on Login
07:25:35.024 [main] INFO  stepDefinitions.steps - Clicked on My Account
07:25:35.192 [main] INFO  stepDefinitions.steps - Clicked on Login
07:25:37.730 [main] INFO  stepDefinitions.steps - Clicked on My Account
07:25:37.921 [main] INFO  stepDefinitions.steps - Clicked on Login
07:27:29.152 [main] INFO  stepDefinitions.steps - Clicked on My Account
07:27:29.330 [main] INFO  stepDefinitions.steps - Clicked on Login
07:27:32.332 [main] INFO  stepDefinitions.steps - Clicked on My Account
07:27:32.524 [main] INFO  stepDefinitions.steps - Clicked on Login
07:27:34.975 [main] INFO  stepDefinitions.steps - Clicked on My Account
07:27:35.173 [main] INFO  stepDefinitions.steps - Clicked on Login
07:33:30.470 [main] INFO  stepDefinitions.steps - Clicked on My Account
07:33:30.648 [main] INFO  stepDefinitions.steps - Clicked on Login
07:33:30.719 [main] INFO  stepDefinitions.steps - Provided Email 
07:33:30.767 [main] INFO  stepDefinitions.steps - Provided Password 
07:33:30.905 [main] INFO  stepDefinitions.steps - Clicked on Login button
07:33:40.946 [main] INFO  stepDefinitions.steps - Login Failed 
07:33:43.364 [main] INFO  stepDefinitions.steps - Clicked on My Account
07:33:43.558 [main] INFO  stepDefinitions.steps - Clicked on Login
07:33:43.632 [main] INFO  stepDefinitions.steps - Provided Email 
07:33:43.691 [main] INFO  stepDefinitions.steps - Provided Password 
07:33:43.872 [main] INFO  stepDefinitions.steps - Clicked on Login button
07:33:43.939 [main] INFO  stepDefinitions.steps - Login Success 
07:35:29.333 [main] INFO  stepDefinitions.steps - Clicked on My Account
07:35:29.517 [main] INFO  stepDefinitions.steps - Clicked on Login
07:35:32.342 [main] INFO  stepDefinitions.steps - Clicked on My Account
07:35:32.525 [main] INFO  stepDefinitions.steps - Clicked on Login
07:35:35.059 [main] INFO  stepDefinitions.steps - Clicked on My Account
07:35:35.222 [main] INFO  stepDefinitions.steps - Clicked on Login
08:35:46.441 [main] INFO  stepDefinitions.steps - Clicked on My Account
08:35:46.630 [main] INFO  stepDefinitions.steps - Clicked on Login
08:35:49.716 [main] INFO  stepDefinitions.steps - Clicked on My Account
08:35:49.898 [main] INFO  stepDefinitions.steps - Clicked on Login
08:35:52.420 [main] INFO  stepDefinitions.steps - Clicked on My Account
08:35:52.592 [main] INFO  stepDefinitions.steps - Clicked on Login
08:46:10.900 [main] INFO  stepDefinitions.steps - Clicked on My Account
08:46:11.082 [main] INFO  stepDefinitions.steps - Clicked on Login
08:46:13.980 [main] INFO  stepDefinitions.steps - Clicked on My Account
08:46:14.162 [main] INFO  stepDefinitions.steps - Clicked on Login
08:46:16.698 [main] INFO  stepDefinitions.steps - Clicked on My Account
08:46:16.871 [main] INFO  stepDefinitions.steps - Clicked on Login
09:20:49.302 [main] INFO  stepDefinitions.steps - Clicked on My Account
09:20:49.521 [main] INFO  stepDefinitions.steps - Clicked on Login
09:20:52.540 [main] INFO  stepDefinitions.steps - Clicked on My Account
09:20:52.713 [main] INFO  stepDefinitions.steps - Clicked on Login
09:20:55.399 [main] INFO  stepDefinitions.steps - Clicked on My Account
09:20:55.636 [main] INFO  stepDefinitions.steps - Clicked on Login
09:21:46.644 [main] INFO  stepDefinitions.steps - Clicked on My Account
09:21:46.829 [main] INFO  stepDefinitions.steps - Clicked on Login
09:21:49.719 [main] INFO  stepDefinitions.steps - Clicked on My Account
09:21:49.911 [main] INFO  stepDefinitions.steps - Clicked on Login
09:21:52.530 [main] INFO  stepDefinitions.steps - Clicked on My Account
09:21:52.750 [main] INFO  stepDefinitions.steps - Clicked on Login
09:24:20.171 [main] INFO  stepDefinitions.steps - Clicked on My Account
09:24:20.388 [main] INFO  stepDefinitions.steps - Clicked on Login
09:24:20.456 [main] INFO  stepDefinitions.steps - Provided Email 
09:24:20.507 [main] INFO  stepDefinitions.steps - Provided Password 
09:24:20.667 [main] INFO  stepDefinitions.steps - Clicked on Login button
09:24:30.729 [main] INFO  stepDefinitions.steps - Login Failed 
09:24:33.084 [main] INFO  stepDefinitions.steps - Clicked on My Account
09:24:33.286 [main] INFO  stepDefinitions.steps - Clicked on Login
09:24:33.346 [main] INFO  stepDefinitions.steps - Provided Email 
09:24:33.411 [main] INFO  stepDefinitions.steps - Provided Password 
09:24:33.625 [main] INFO  stepDefinitions.steps - Clicked on Login button
09:24:33.660 [main] INFO  stepDefinitions.steps - Login Success 
09:25:36.187 [main] INFO  stepDefinitions.steps - Clicked on My Account
09:25:36.363 [main] INFO  stepDefinitions.steps - Clicked on Login
09:25:39.260 [main] INFO  stepDefinitions.steps - Clicked on My Account
09:25:39.459 [main] INFO  stepDefinitions.steps - Clicked on Login
09:25:42.055 [main] INFO  stepDefinitions.steps - Clicked on My Account
09:25:42.255 [main] INFO  stepDefinitions.steps - Clicked on Login
09:28:35.128 [main] INFO  stepDefinitions.steps - Clicked on My Account
09:28:35.343 [main] INFO  stepDefinitions.steps - Clicked on Login
09:28:38.132 [main] INFO  stepDefinitions.steps - Clicked on My Account
09:28:38.343 [main] INFO  stepDefinitions.steps - Clicked on Login
09:28:41.002 [main] INFO  stepDefinitions.steps - Clicked on My Account
09:28:41.219 [main] INFO  stepDefinitions.steps - Clicked on Login
09:30:15.549 [main] INFO  stepDefinitions.steps - Clicked on My Account
09:30:15.742 [main] INFO  stepDefinitions.steps - Clicked on Login
09:30:18.565 [main] INFO  stepDefinitions.steps - Clicked on My Account
09:30:18.758 [main] INFO  stepDefinitions.steps - Clicked on Login
09:30:21.394 [main] INFO  stepDefinitions.steps - Clicked on My Account
09:30:21.602 [main] INFO  stepDefinitions.steps - Clicked on Login
09:32:26.908 [main] INFO  stepDefinitions.steps - Clicked on My Account
09:32:27.128 [main] INFO  stepDefinitions.steps - Clicked on Login
09:32:30.028 [main] INFO  stepDefinitions.steps - Clicked on My Account
09:32:30.211 [main] INFO  stepDefinitions.steps - Clicked on Login
09:32:32.793 [main] INFO  stepDefinitions.steps - Clicked on My Account
09:32:32.962 [main] INFO  stepDefinitions.steps - Clicked on Login
09:09:35.673 [main] INFO  stepDefinitions.steps - Clicked on My Account
09:09:36.050 [main] INFO  stepDefinitions.steps - Clicked on Login
09:09:40.144 [main] INFO  stepDefinitions.steps - Clicked on My Account
09:09:40.567 [main] INFO  stepDefinitions.steps - Clicked on Login
09:09:44.045 [main] INFO  stepDefinitions.steps - Clicked on My Account
09:09:44.374 [main] INFO  stepDefinitions.steps - Clicked on Login
09:23:02.571 [main] INFO  stepDefinitions.steps - Clicked on My Account
09:23:02.972 [main] INFO  stepDefinitions.steps - Clicked on Login
09:23:07.247 [main] INFO  stepDefinitions.steps - Clicked on My Account
09:23:07.592 [main] INFO  stepDefinitions.steps - Clicked on Login
09:23:11.101 [main] INFO  stepDefinitions.steps - Clicked on My Account
09:23:11.427 [main] INFO  stepDefinitions.steps - Clicked on Login
09:26:17.507 [main] INFO  stepDefinitions.steps - Clicked on My Account
09:26:17.883 [main] INFO  stepDefinitions.steps - Clicked on Login
09:26:21.732 [main] INFO  stepDefinitions.steps - Clicked on My Account
09:26:22.108 [main] INFO  stepDefinitions.steps - Clicked on Login
09:26:25.758 [main] INFO  stepDefinitions.steps - Clicked on My Account
09:26:26.136 [main] INFO  stepDefinitions.steps - Clicked on Login
09:34:53.591 [main] INFO  stepDefinitions.steps - Clicked on My Account
09:34:53.973 [main] INFO  stepDefinitions.steps - Clicked on Login
09:34:57.892 [main] INFO  stepDefinitions.steps - Clicked on My Account
09:34:58.345 [main] INFO  stepDefinitions.steps - Clicked on Login
09:35:01.861 [main] INFO  stepDefinitions.steps - Clicked on My Account
09:35:02.224 [main] INFO  stepDefinitions.steps - Clicked on Login
09:37:35.523 [main] INFO  stepDefinitions.steps - Clicked on My Account
09:37:35.931 [main] INFO  stepDefinitions.steps - Clicked on Login
09:37:39.855 [main] INFO  stepDefinitions.steps - Clicked on My Account
09:37:40.238 [main] INFO  stepDefinitions.steps - Clicked on Login
09:37:43.803 [main] INFO  stepDefinitions.steps - Clicked on My Account
09:37:44.145 [main] INFO  stepDefinitions.steps - Clicked on Login
09:57:00.767 [main] INFO  stepDefinitions.steps - Clicked on My Account
09:57:01.058 [main] INFO  stepDefinitions.steps - Clicked on Login
09:57:01.837 [main] INFO  stepDefinitions.steps - Login Failed 
09:57:04.650 [main] INFO  stepDefinitions.steps - Clicked on My Account
09:57:04.894 [main] INFO  stepDefinitions.steps - Clicked on Login
09:57:05.331 [main] INFO  stepDefinitions.steps - Login Failed 
09:57:08.028 [main] INFO  stepDefinitions.steps - Clicked on My Account
09:57:08.283 [main] INFO  stepDefinitions.steps - Clicked on Login
09:57:08.738 [main] INFO  stepDefinitions.steps - Login Failed 
10:07:04.442 [main] INFO  stepDefinitions.steps - Clicked on My Account
10:07:04.650 [main] INFO  stepDefinitions.steps - Clicked on Login
10:07:05.436 [main] INFO  stepDefinitions.steps - Login Failed 
10:07:08.269 [main] INFO  stepDefinitions.steps - Clicked on My Account
10:07:08.514 [main] INFO  stepDefinitions.steps - Clicked on Login
10:07:08.930 [main] INFO  stepDefinitions.steps - Login Failed 
10:07:11.652 [main] INFO  stepDefinitions.steps - Clicked on My Account
10:07:11.873 [main] INFO  stepDefinitions.steps - Clicked on Login
10:07:12.211 [main] INFO  stepDefinitions.steps - Login Failed 
10:11:42.114 [main] INFO  stepDefinitions.steps - Clicked on My Account
10:11:42.375 [main] INFO  stepDefinitions.steps - Clicked on Login
10:11:43.162 [main] INFO  stepDefinitions.steps - Login Failed 
10:11:45.818 [main] INFO  stepDefinitions.steps - Clicked on My Account
10:11:46.090 [main] INFO  stepDefinitions.steps - Clicked on Login
10:11:46.539 [main] INFO  stepDefinitions.steps - Login Failed 
10:11:49.143 [main] INFO  stepDefinitions.steps - Clicked on My Account
10:11:49.364 [main] INFO  stepDefinitions.steps - Clicked on Login
10:11:49.708 [main] INFO  stepDefinitions.steps - Login Failed 
10:16:44.720 [main] INFO  stepDefinitions.steps - Clicked on My Account
10:16:44.953 [main] INFO  stepDefinitions.steps - Clicked on Login
10:16:45.748 [main] INFO  stepDefinitions.steps - Login Failed 
10:16:48.508 [main] INFO  stepDefinitions.steps - Clicked on My Account
10:16:48.772 [main] INFO  stepDefinitions.steps - Clicked on Login
10:16:49.191 [main] INFO  stepDefinitions.steps - Login Failed 
10:16:51.878 [main] INFO  stepDefinitions.steps - Clicked on My Account
10:16:52.087 [main] INFO  stepDefinitions.steps - Clicked on Login
10:16:52.446 [main] INFO  stepDefinitions.steps - Login Failed 
10:20:39.634 [main] INFO  stepDefinitions.steps - Clicked on My Account
10:20:39.840 [main] INFO  stepDefinitions.steps - Clicked on Login
10:20:43.378 [main] INFO  stepDefinitions.steps - Clicked on My Account
10:20:43.607 [main] INFO  stepDefinitions.steps - Clicked on Login
10:20:46.778 [main] INFO  stepDefinitions.steps - Clicked on My Account
10:20:46.986 [main] INFO  stepDefinitions.steps - Clicked on Login
10:27:09.865 [main] INFO  stepDefinitions.steps - Clicked on My Account
10:27:10.099 [main] INFO  stepDefinitions.steps - Clicked on Login
10:27:13.679 [main] INFO  stepDefinitions.steps - Clicked on My Account
10:27:13.898 [main] INFO  stepDefinitions.steps - Clicked on Login
10:27:16.945 [main] INFO  stepDefinitions.steps - Clicked on My Account
10:27:17.166 [main] INFO  stepDefinitions.steps - Clicked on Login
10:31:34.952 [main] INFO  stepDefinitions.steps - Clicked on My Account
10:31:35.235 [main] INFO  stepDefinitions.steps - Clicked on Login
10:31:38.751 [main] INFO  stepDefinitions.steps - Clicked on My Account
10:31:39.025 [main] INFO  stepDefinitions.steps - Clicked on Login
10:31:42.131 [main] INFO  stepDefinitions.steps - Clicked on My Account
10:31:42.398 [main] INFO  stepDefinitions.steps - Clicked on Login
10:37:27.700 [main] INFO  stepDefinitions.steps - Clicked on My Account
10:37:27.917 [main] INFO  stepDefinitions.steps - Clicked on Login
10:37:31.317 [main] INFO  stepDefinitions.steps - Clicked on My Account
10:37:31.534 [main] INFO  stepDefinitions.steps - Clicked on Login
10:37:34.536 [main] INFO  stepDefinitions.steps - Clicked on My Account
10:37:34.759 [main] INFO  stepDefinitions.steps - Clicked on Login
10:43:35.378 [main] INFO  stepDefinitions.steps - Clicked on My Account
10:43:35.628 [main] INFO  stepDefinitions.steps - Clicked on Login
10:43:39.239 [main] INFO  stepDefinitions.steps - Clicked on My Account
10:43:39.496 [main] INFO  stepDefinitions.steps - Clicked on Login
10:43:42.656 [main] INFO  stepDefinitions.steps - Clicked on My Account
10:43:42.905 [main] INFO  stepDefinitions.steps - Clicked on Login
10:45:03.611 [main] INFO  stepDefinitions.steps - Clicked on My Account
10:45:03.795 [main] INFO  stepDefinitions.steps - Clicked on Login
10:45:07.231 [main] INFO  stepDefinitions.steps - Clicked on My Account
10:45:07.435 [main] INFO  stepDefinitions.steps - Clicked on Login
10:45:10.606 [main] INFO  stepDefinitions.steps - Clicked on My Account
10:45:10.850 [main] INFO  stepDefinitions.steps - Clicked on Login
10:46:21.637 [main] INFO  stepDefinitions.steps - Clicked on My Account
10:46:21.875 [main] INFO  stepDefinitions.steps - Clicked on Login
10:46:25.254 [main] INFO  stepDefinitions.steps - Clicked on My Account
10:46:25.484 [main] INFO  stepDefinitions.steps - Clicked on Login
10:46:28.713 [main] INFO  stepDefinitions.steps - Clicked on My Account
10:46:28.960 [main] INFO  stepDefinitions.steps - Clicked on Login
10:48:47.721 [main] INFO  stepDefinitions.steps - Clicked on My Account
10:48:47.943 [main] INFO  stepDefinitions.steps - Clicked on Login
10:48:51.198 [main] INFO  stepDefinitions.steps - Clicked on My Account
10:48:51.410 [main] INFO  stepDefinitions.steps - Clicked on Login
10:48:54.511 [main] INFO  stepDefinitions.steps - Clicked on My Account
10:48:54.733 [main] INFO  stepDefinitions.steps - Clicked on Login
11:07:50.923 [main] INFO  stepDefinitions.steps - Clicked on My Account
11:07:51.148 [main] INFO  stepDefinitions.steps - Clicked on Login
11:08:04.677 [main] INFO  stepDefinitions.steps - Clicked on My Account
11:08:04.924 [main] INFO  stepDefinitions.steps - Clicked on Login
11:08:08.707 [main] INFO  stepDefinitions.steps - Clicked on My Account
11:08:08.911 [main] INFO  stepDefinitions.steps - Clicked on Login
11:10:59.894 [main] INFO  stepDefinitions.steps - Clicked on My Account
11:11:00.157 [main] INFO  stepDefinitions.steps - Clicked on Login
11:11:03.877 [main] INFO  stepDefinitions.steps - Clicked on My Account
11:11:04.106 [main] INFO  stepDefinitions.steps - Clicked on Login
11:11:17.225 [main] INFO  stepDefinitions.steps - Clicked on My Account
11:11:17.442 [main] INFO  stepDefinitions.steps - Clicked on Login
14:52:05.565 [main] INFO  stepDefinitions.steps - Clicked on My Account
14:52:05.814 [main] INFO  stepDefinitions.steps - Clicked on Login
14:52:09.230 [main] INFO  stepDefinitions.steps - Clicked on My Account
14:52:09.428 [main] INFO  stepDefinitions.steps - Clicked on Login
14:52:21.953 [main] INFO  stepDefinitions.steps - Clicked on My Account
14:52:22.163 [main] INFO  stepDefinitions.steps - Clicked on Login
15:01:53.304 [main] INFO  stepDefinitions.steps - Clicked on My Account
15:01:53.674 [main] INFO  stepDefinitions.steps - Clicked on Login
15:01:57.628 [main] INFO  stepDefinitions.steps - Clicked on My Account
15:01:57.935 [main] INFO  stepDefinitions.steps - Clicked on Login
15:02:11.112 [main] INFO  stepDefinitions.steps - Clicked on My Account
15:02:11.447 [main] INFO  stepDefinitions.steps - Clicked on Login
